Started
[Thu Jul 27 16:14:40 IST 2017] Starting branch indexing...
Creating git repository in /var/lib/jenkins/caches/git-f63ae3b0a91ac78d017ccc885c0a92b1
 > git init /var/lib/jenkins/caches/git-f63ae3b0a91ac78d017ccc885c0a92b1 # timeout=10
Setting origin to https://github.com/dinesh-skilrock/pipelineproject.git
 > git config remote.origin.url https://github.com/dinesh-skilrock/pipelineproject.git # timeout=10
Fetching origin...
Fetching upstream changes from origin
 > git --version # timeout=10
using GIT_ASKPASS to set credentials 
 > git fetch --tags --progress origin +refs/heads/*:refs/remotes/origin/*
using GIT_ASKPASS to set credentials 
 > git ls-remote https://github.com/dinesh-skilrock/pipelineproject.git # timeout=10
 > git rev-parse --is-inside-work-tree # timeout=10
Setting origin to https://github.com/dinesh-skilrock/pipelineproject.git
 > git config remote.origin.url https://github.com/dinesh-skilrock/pipelineproject.git # timeout=10
Fetching & pruning origin...
Fetching upstream changes from origin
 > git --version # timeout=10
using GIT_ASKPASS to set credentials 
 > git fetch --tags --progress origin +refs/heads/*:refs/remotes/origin/* --prune
Getting remote branches...
Seen branch in repository origin/master
Seen 1 remote branch
  Checking branch master
      ‘Jenkinsfile’ found
    Met criteria
Scheduled build for branch: master
Processed 1 branches
[Thu Jul 27 16:14:54 IST 2017] Finished branch indexing. Indexing took 14 sec
Finished: SUCCESS
