Cloning the remote Git repository
Cloning with configured refspecs honoured and without tags
Cloning repository https://github.com/dinesh-skilrock/pipelineproject.git
 > git init /var/lib/jenkins/workspace/MyPipeline_master-5YQ7NN4S2ZINTNMQM4VVH6YZGPRFI3PCAPXRYD3DA4WI5OOPROCQ # timeout=10
Fetching upstream changes from https://github.com/dinesh-skilrock/pipelineproject.git
 > git --version # timeout=10
using GIT_ASKPASS to set credentials 
 > git fetch --no-tags --progress https://github.com/dinesh-skilrock/pipelineproject.git +refs/heads/*:refs/remotes/origin/*
 > git config remote.origin.url https://github.com/dinesh-skilrock/pipelineproject.git # timeout=10
 > git config --add remote.origin.fetch +refs/heads/*:refs/remotes/origin/* # timeout=10
 > git config remote.origin.url https://github.com/dinesh-skilrock/pipelineproject.git # timeout=10
Fetching without tags
Fetching upstream changes from https://github.com/dinesh-skilrock/pipelineproject.git
using GIT_ASKPASS to set credentials 
 > git fetch --no-tags --progress https://github.com/dinesh-skilrock/pipelineproject.git +refs/heads/*:refs/remotes/origin/*
Checking out Revision 225ad398b463e174a415678fc16912b9592c6193 (master)
Commit message: "my first commit"
 > git config core.sparsecheckout # timeout=10
 > git checkout -f 225ad398b463e174a415678fc16912b9592c6193
First time build. Skipping changelog.
